<?xml version="1.0" encoding="UTF-8"?>
<testsuite name="Sumar" tests="1" skipped="1" failures="0" errors="0" timestamp="2021-04-16T20:38:32" hostname="CPX-ZSM4R982JCX" time="0.028">
  <properties/>
  <testcase name="Sumar dos numeros enteros" classname="Sumar" time="0.028">
    <skipped/>
  </testcase>
  <system-out><![CDATA[]]></system-out>
  <system-err><![CDATA[[Test worker] INFO net.thucydides.core.steps.ConsoleLoggingListener - TEST PENDING
[Test worker] INFO net.thucydides.core.steps.ConsoleLoggingListener - 
          __  _____ _____ ____ _____   ____  _____ _   _ ____ ___ _   _  ____ 
 _       / / |_   _| ____/ ___|_   _| |  _ \| ____| \ | |  _ \_ _| \ | |/ ___|
(_)____ / /    | | |  _| \___ \ | |   | |_) |  _| |  \| | | | | ||  \| | |  _ 
 |_____/ /     | | | |___ ___) || |   |  __/| |___| |\  | |_| | || |\  | |_| |
(_)   /_/      |_| |_____|____/ |_|   |_|   |_____|_| \_|____/___|_| \_|\____|
                                                                                

TEST PENDING: Sumar dos numeros enteros
---------------------------------------------------------------------------------
]]></system-err>
</testsuite>
