<?xml version="1.0" encoding="UTF-8"?>
<testsuite name="Restar" tests="3" skipped="0" failures="0" errors="0" timestamp="2021-04-17T22:48:21" hostname="CPX-ZSM4R982JCX" time="0.436">
  <properties/>
  <testcase name="Restar numeros enteros" classname="Restar" time="0.39"/>
  <testcase name="Restar numeros enteros" classname="Restar" time="0.016"/>
  <testcase name="Restar numeros enteros" classname="Restar" time="0.018"/>
  <system-out><![CDATA[]]></system-out>
  <system-err><![CDATA[[Test worker] INFO net.thucydides.core.steps.ConsoleLoggingListener - 
        __    _____ _____ ____ _____   ____   _    ____  ____  _____ ____  
  _     \ \  |_   _| ____/ ___|_   _| |  _ \ / \  / ___|/ ___|| ____|  _ \ 
 (_)_____| |   | | |  _| \___ \ | |   | |_) / _ \ \___ \\___ \|  _| | | | |
  _|_____| |   | | | |___ ___) || |   |  __/ ___ \ ___) |___) | |___| |_| |
 (_)     | |   |_| |_____|____/ |_|   |_| /_/   \_\____/|____/|_____|____/ 
        /_/                                                                

TEST PASSED: Restar numeros enteros
----------------------------------------------------------------------------
[Test worker] INFO net.thucydides.core.steps.ConsoleLoggingListener - 
        __    _____ _____ ____ _____   ____   _    ____  ____  _____ ____  
  _     \ \  |_   _| ____/ ___|_   _| |  _ \ / \  / ___|/ ___|| ____|  _ \ 
 (_)_____| |   | | |  _| \___ \ | |   | |_) / _ \ \___ \\___ \|  _| | | | |
  _|_____| |   | | | |___ ___) || |   |  __/ ___ \ ___) |___) | |___| |_| |
 (_)     | |   |_| |_____|____/ |_|   |_| /_/   \_\____/|____/|_____|____/ 
        /_/                                                                

TEST PASSED: Restar numeros enteros
----------------------------------------------------------------------------
[Test worker] INFO net.thucydides.core.steps.ConsoleLoggingListener - 
        __    _____ _____ ____ _____   ____   _    ____  ____  _____ ____  
  _     \ \  |_   _| ____/ ___|_   _| |  _ \ / \  / ___|/ ___|| ____|  _ \ 
 (_)_____| |   | | |  _| \___ \ | |   | |_) / _ \ \___ \\___ \|  _| | | | |
  _|_____| |   | | | |___ ___) || |   |  __/ ___ \ ___) |___) | |___| |_| |
 (_)     | |   |_| |_____|____/ |_|   |_| /_/   \_\____/|____/|_____|____/ 
        /_/                                                                

TEST PASSED: Restar numeros enteros
----------------------------------------------------------------------------
]]></system-err>
</testsuite>
